ERROR NotFound: 2024-03-28T13:03:49.098Z [POST] https://cms.laurarubio.net/admin/collection/posts/edit/sabemos-o-x%C3%A9nero-destes-substantivos%3F.md - No such file or directory (os error 2): readfile '/root/www/posts/O par perfecto'
    at Object.readTextFile (ext:deno_fs/30_fs.js:873:24)
    at FsEntry.readData (https://cdn.jsdelivr.net/gh/lumeland/cms@v0.3.1/storage/fs.ts:103:32)
    at Document.read (https://cdn.jsdelivr.net/gh/lumeland/cms@v0.3.1/core/document.ts:43:38)
    at Document.write (https://cdn.jsdelivr.net/gh/lumeland/cms@v0.3.1/core/document.ts:50:36)
    at Object.handler (https://cdn.jsdelivr.net/gh/lumeland/cms@v0.3.1/core/routes/collection.ts:62:22)
    at eventLoopTick (ext:core/01_core.js:153:7)
    at async dispatch (https://deno.land/x/hono@v4.0.8/compose.ts:45:17)
    at async handler (https://deno.land/x/hono@v4.0.8/hono-base.ts:203:12)
    at async dispatch (https://deno.land/x/hono@v4.0.8/compose.ts:45:17)
    at async dispatch (https://deno.land/x/hono@v4.0.8/compose.ts:45:17)
ERROR NotFound: 2024-03-28T17:08:54.833Z [POST] https://cms.laurarubio.net/admin/collection/posts/edit/sabemos-o-x%C3%A9nero-destes-substantivos%3F.md - No such file or directory (os error 2): rename '/root/www/posts/sabemos-o-xénero-destes-substantivos?.md' -> '/root/www/posts/o-par-perfecto.md'
    at Object.rename (ext:deno_fs/30_fs.js:274:9)
    at Fs.rename (https://cdn.jsdelivr.net/gh/lumeland/cms@v0.3.1/storage/fs.ts:86:16)
    at eventLoopTick (ext:core/01_core.js:153:7)
    at async Collection.rename (https://cdn.jsdelivr.net/gh/lumeland/cms@v0.3.1/core/collection.ts:54:5)
    at async Object.handler (https://cdn.jsdelivr.net/gh/lumeland/cms@v0.3.1/core/routes/collection.ts:58:9)
    at async dispatch (https://deno.land/x/hono@v4.0.8/compose.ts:45:17)
    at async handler (https://deno.land/x/hono@v4.0.8/hono-base.ts:203:12)
    at async dispatch (https://deno.land/x/hono@v4.0.8/compose.ts:45:17)
    at async dispatch (https://deno.land/x/hono@v4.0.8/compose.ts:45:17)
    at async handler (https://deno.land/x/hono@v4.0.8/hono-base.ts:203:12)
ERROR NotFound: 2024-03-28T18:10:12.198Z [POST] https://cms.laurarubio.net/admin/collection/posts/edit/sabemos-o-x%C3%A9nero-destes-substantivos%3F.md - No such file or directory (os error 2): rename '/root/www/posts/sabemos-o-xénero-destes-substantivos?.md' -> '/root/www/posts/o-par-perfecto.md'
    at Object.rename (ext:deno_fs/30_fs.js:274:9)
    at Fs.rename (https://cdn.jsdelivr.net/gh/lumeland/cms@v0.3.1/storage/fs.ts:86:16)
    at eventLoopTick (ext:core/01_core.js:153:7)
    at async Collection.rename (https://cdn.jsdelivr.net/gh/lumeland/cms@v0.3.1/core/collection.ts:54:5)
    at async Object.handler (https://cdn.jsdelivr.net/gh/lumeland/cms@v0.3.1/core/routes/collection.ts:58:9)
    at async dispatch (https://deno.land/x/hono@v4.0.8/compose.ts:45:17)
    at async handler (https://deno.land/x/hono@v4.0.8/hono-base.ts:203:12)
    at async dispatch (https://deno.land/x/hono@v4.0.8/compose.ts:45:17)
    at async dispatch (https://deno.land/x/hono@v4.0.8/compose.ts:45:17)
    at async handler (https://deno.land/x/hono@v4.0.8/hono-base.ts:203:12)
ERROR NotFound: 2024-03-28T18:11:51.379Z [POST] https://cms.laurarubio.net/admin/collection/posts/edit/sabemos-o-x%C3%A9nero-destes-substantivos%3F.md - No such file or directory (os error 2): rename '/root/www/posts/sabemos-o-xénero-destes-substantivos?.md' -> '/root/www/posts/o-par-perfecto.md'
    at Object.rename (ext:deno_fs/30_fs.js:274:9)
    at Fs.rename (https://cdn.jsdelivr.net/gh/lumeland/cms@v0.3.1/storage/fs.ts:86:16)
    at eventLoopTick (ext:core/01_core.js:153:7)
    at async Collection.rename (https://cdn.jsdelivr.net/gh/lumeland/cms@v0.3.1/core/collection.ts:54:5)
    at async Object.handler (https://cdn.jsdelivr.net/gh/lumeland/cms@v0.3.1/core/routes/collection.ts:58:9)
    at async dispatch (https://deno.land/x/hono@v4.0.8/compose.ts:45:17)
    at async handler (https://deno.land/x/hono@v4.0.8/hono-base.ts:203:12)
    at async dispatch (https://deno.land/x/hono@v4.0.8/compose.ts:45:17)
    at async dispatch (https://deno.land/x/hono@v4.0.8/compose.ts:45:17)
    at async handler (https://deno.land/x/hono@v4.0.8/hono-base.ts:203:12)
ERROR NotFound: 2024-03-28T18:49:07.453Z [POST] https://cms.laurarubio.net/admin/collection/posts/edit/sabemos-o-x%C3%A9nero-destes-substantivos%3F.md - No such file or directory (os error 2): rename '/root/www/posts/sabemos-o-xénero-destes-substantivos?.md' -> '/root/www/posts/o-par-perfecto.md'
    at Object.rename (ext:deno_fs/30_fs.js:274:9)
    at Fs.rename (https://cdn.jsdelivr.net/gh/lumeland/cms@v0.3.1/storage/fs.ts:86:16)
    at eventLoopTick (ext:core/01_core.js:153:7)
    at async Collection.rename (https://cdn.jsdelivr.net/gh/lumeland/cms@v0.3.1/core/collection.ts:54:5)
    at async Object.handler (https://cdn.jsdelivr.net/gh/lumeland/cms@v0.3.1/core/routes/collection.ts:58:9)
    at async dispatch (https://deno.land/x/hono@v4.0.8/compose.ts:45:17)
    at async handler (https://deno.land/x/hono@v4.0.8/hono-base.ts:203:12)
    at async dispatch (https://deno.land/x/hono@v4.0.8/compose.ts:45:17)
    at async dispatch (https://deno.land/x/hono@v4.0.8/compose.ts:45:17)
    at async handler (https://deno.land/x/hono@v4.0.8/hono-base.ts:203:12)
ERROR NotFound: 2024-03-28T18:49:57.197Z [POST] https://cms.laurarubio.net/admin/collection/posts/edit/sabemos-o-x%C3%A9nero-destes-substantivos%3F.md - No such file or directory (os error 2): rename '/root/www/posts/sabemos-o-xénero-destes-substantivos?.md' -> '/root/www/posts/o-par-perfecto.md'
    at Object.rename (ext:deno_fs/30_fs.js:274:9)
    at Fs.rename (https://cdn.jsdelivr.net/gh/lumeland/cms@v0.3.1/storage/fs.ts:86:16)
    at eventLoopTick (ext:core/01_core.js:153:7)
    at async Collection.rename (https://cdn.jsdelivr.net/gh/lumeland/cms@v0.3.1/core/collection.ts:54:5)
    at async Object.handler (https://cdn.jsdelivr.net/gh/lumeland/cms@v0.3.1/core/routes/collection.ts:58:9)
    at async dispatch (https://deno.land/x/hono@v4.0.8/compose.ts:45:17)
    at async handler (https://deno.land/x/hono@v4.0.8/hono-base.ts:203:12)
    at async dispatch (https://deno.land/x/hono@v4.0.8/compose.ts:45:17)
    at async dispatch (https://deno.land/x/hono@v4.0.8/compose.ts:45:17)
    at async handler (https://deno.land/x/hono@v4.0.8/hono-base.ts:203:12)
